[1016/215454.273:ERROR:file_io.cc(134)] WriteFile: The pipe is being closed. (0xE8)
[1017/042301.536:ERROR:file_io.cc(134)] WriteFile: The pipe is being closed. (0xE8)
[1017/044046.993:ERROR:process_reader_win.cc(242)] ReadMemory at 0x7ff7b5980000 of 64 bytes failed: Only part of a ReadProcessMemory or WriteProcessMemory request was completed. (0x12B)
[1017/044047.311:WARNING:pe_image_reader.cc(302)] could not read dos header from C:\Program Files (x86)\Google\Chrome Beta\Application\chrome.exe
[1017/044047.311:ERROR:process_reader_win.cc(242)] ReadMemory at 0x7ffaa8490000 of 64 bytes failed: Only part of a ReadProcessMemory or WriteProcessMemory request was completed. (0x12B)
[1017/044047.312:WARNING:pe_image_reader.cc(302)] could not read dos header from C:\WINDOWS\SYSTEM32\ntdll.dll
[1017/044047.313:ERROR:process_reader_win.cc(242)] ReadMemory at 0x7ffaa0a00000 of 64 bytes failed: Only part of a ReadProcessMemory or WriteProcessMemory request was completed. (0x12B)
[1017/044047.313:WARNING:pe_image_reader.cc(302)] could not read dos header from C:\Program Files (x86)\AVG\Antivirus\x64\aswhooka.dll
[1017/044047.313:ERROR:process_reader_win.cc(242)] ReadMemory at 0x7ffaa5960000 of 64 bytes failed: Only part of a ReadProcessMemory or WriteProcessMemory request was completed. (0x12B)
[1017/044047.313:WARNING:pe_image_reader.cc(302)] could not read dos header from C:\WINDOWS\System32\KERNEL32.dll
[1017/044047.313:ERROR:process_reader_win.cc(242)] ReadMemory at 0x7ffaa51e0000 of 64 bytes failed: Only part of a ReadProcessMemory or WriteProcessMemory request was completed. (0x12B)
[1017/044047.313:WARNING:pe_image_reader.cc(302)] could not read dos header from C:\WINDOWS\System32\KERNELBASE.dll
[1017/044047.313:ERROR:process_reader_win.cc(242)] ReadMemory at 0x7ffaa2c70000 of 64 bytes failed: Only part of a ReadProcessMemory or WriteProcessMemory request was completed. (0x12B)
[1017/044047.313:WARNING:pe_image_reader.cc(302)] could not read dos header from C:\WINDOWS\SYSTEM32\apphelp.dll
[1017/044047.313:ERROR:process_reader_win.cc(242)] ReadMemory at 0x7ffaa6da0000 of 64 bytes failed: Only part of a ReadProcessMemory or WriteProcessMemory request was completed. (0x12B)
[1017/044047.313:WARNING:pe_image_reader.cc(302)] could not read dos header from C:\WINDOWS\System32\SHELL32.dll
[1017/044047.313:ERROR:process_reader_win.cc(242)] ReadMemory at 0x7ffaa83c0000 of 64 bytes failed: Only part of a ReadProcessMemory or WriteProcessMemory request was completed. (0x12B)
[1017/044047.314:WARNING:pe_image_reader.cc(302)] could not read dos header from C:\WINDOWS\System32\msvcrt.dll
[1017/044047.314:ERROR:process_reader_win.cc(242)] ReadMemory at 0x7ffaa4fe0000 of 64 bytes failed: Only part of a ReadProcessMemory or WriteProcessMemory request was completed. (0x12B)
[1017/044047.314:WARNING:pe_image_reader.cc(302)] could not read dos header from C:\WINDOWS\System32\cfgmgr32.dll
[1017/044047.314:ERROR:process_reader_win.cc(242)] ReadMemory at 0x7ffaa57e0000 of 64 bytes failed: Only part of a ReadProcessMemory or WriteProcessMemory request was completed. (0x12B)
[1017/044047.314:WARNING:pe_image_reader.cc(302)] could not read dos header from C:\WINDOWS\System32\ucrtbase.dll
[1017/044047.314:ERROR:process_reader_win.cc(242)] ReadMemory at 0x7ffaa6840000 of 64 bytes failed: Only part of a ReadProcessMemory or WriteProcessMemory request was completed. (0x12B)
[1017/044047.314:WARNING:pe_image_reader.cc(302)] could not read dos header from C:\WINDOWS\System32\shcore.dll
[1017/044047.314:ERROR:process_reader_win.cc(242)] ReadMemory at 0x7ffaa65d0000 of 64 bytes failed: Only part of a ReadProcessMemory or WriteProcessMemory request was completed. (0x12B)
[1017/044047.314:WARNING:pe_image_reader.cc(302)] could not read dos header from C:\WINDOWS\System32\RPCRT4.dll
[1017/044047.314:ERROR:process_reader_win.cc(242)] ReadMemory at 0x7ffaa6260000 of 64 bytes failed: Only part of a ReadProcessMemory or WriteProcessMemory request was completed. (0x12B)
[1017/044047.314:WARNING:pe_image_reader.cc(302)] could not read dos header from C:\WINDOWS\System32\combase.dll
[1017/044047.315:ERROR:process_reader_win.cc(242)] ReadMemory at 0x7ffaa58e0000 of 64 bytes failed: Only part of a ReadProcessMemory or WriteProcessMemory request was completed. (0x12B)
[1017/044047.315:WARNING:pe_image_reader.cc(302)] could not read dos header from C:\WINDOWS\System32\bcryptPrimitives.dll
[1017/044047.315:ERROR:process_reader_win.cc(242)] ReadMemory at 0x7ffaa4890000 of 64 bytes failed: Only part of a ReadProcessMemory or WriteProcessMemory request was completed. (0x12B)
[1017/044047.315:WARNING:pe_image_reader.cc(302)] could not read dos header from C:\WINDOWS\System32\windows.storage.dll
[1017/044047.315:ERROR:process_reader_win.cc(242)] ReadMemory at 0x7ffaa6ad0000 of 64 bytes failed: Only part of a ReadProcessMemory or WriteProcessMemory request was completed. (0x12B)
[1017/044047.315:WARNING:pe_image_reader.cc(302)] could not read dos header from C:\WINDOWS\System32\advapi32.dll
[1017/044047.315:ERROR:process_reader_win.cc(242)] ReadMemory at 0x7ffaa6ca0000 of 64 bytes failed: Only part of a ReadProcessMemory or WriteProcessMemory request was completed. (0x12B)
[1017/044047.315:WARNING:pe_image_reader.cc(302)] could not read dos header from C:\WINDOWS\System32\sechost.dll
[1017/044047.315:ERROR:process_reader_win.cc(242)] ReadMemory at 0x7ffaa61e0000 of 64 bytes failed: Only part of a ReadProcessMemory or WriteProcessMemory request was completed. (0x12B)
[1017/044047.315:WARNING:pe_image_reader.cc(302)] could not read dos header from C:\WINDOWS\System32\shlwapi.dll
[1017/044047.315:ERROR:process_reader_win.cc(242)] ReadMemory at 0x7ffaa81e0000 of 64 bytes failed: Only part of a ReadProcessMemory or WriteProcessMemory request was completed. (0x12B)
[1017/044047.315:WARNING:pe_image_reader.cc(302)] could not read dos header from C:\WINDOWS\System32\GDI32.dll
[1017/044047.316:ERROR:process_reader_win.cc(242)] ReadMemory at 0x7ffaa5620000 of 64 bytes failed: Only part of a ReadProcessMemory or WriteProcessMemory request was completed. (0x12B)
[1017/044047.316:WARNING:pe_image_reader.cc(302)] could not read dos header from C:\WINDOWS\System32\gdi32full.dll
[1017/044047.316:ERROR:process_reader_win.cc(242)] ReadMemory at 0x7ffaa5030000 of 64 bytes failed: Only part of a ReadProcessMemory or WriteProcessMemory request was completed. (0x12B)
[1017/044047.316:WARNING:pe_image_reader.cc(302)] could not read dos header from C:\WINDOWS\System32\msvcp_win.dll
[1017/044047.316:ERROR:process_reader_win.cc(242)] ReadMemory at 0x28647920000 of 64 bytes failed: Only part of a ReadProcessMemory or WriteProcessMemory request was completed. (0x12B)
[1017/044047.316:WARNING:pe_image_reader.cc(302)] could not read dos header from C:\WINDOWS\System32\USER32.dll
[1017/044047.316:ERROR:process_reader_win.cc(242)] ReadMemory at 0x7ffaa57c0000 of 64 bytes failed: Only part of a ReadProcessMemory or WriteProcessMemory request was completed. (0x12B)
[1017/044047.316:WARNING:pe_image_reader.cc(302)] could not read dos header from C:\WINDOWS\System32\win32u.dll
[1017/044047.316:ERROR:process_reader_win.cc(242)] ReadMemory at 0x7ffaa4800000 of 64 bytes failed: Only part of a ReadProcessMemory or WriteProcessMemory request was completed. (0x12B)
[1017/044047.316:WARNING:pe_image_reader.cc(302)] could not read dos header from C:\WINDOWS\System32\kernel.appcore.dll
[1017/044047.316:ERROR:process_reader_win.cc(242)] ReadMemory at 0x7ffaa4840000 of 64 bytes failed: Only part of a ReadProcessMemory or WriteProcessMemory request was completed. (0x12B)
[1017/044047.316:WARNING:pe_image_reader.cc(302)] could not read dos header from C:\WINDOWS\System32\powrprof.dll
[1017/044047.317:ERROR:process_reader_win.cc(242)] ReadMemory at 0x7ffaa47e0000 of 64 bytes failed: Only part of a ReadProcessMemory or WriteProcessMemory request was completed. (0x12B)
[1017/044047.317:WARNING:pe_image_reader.cc(302)] could not read dos header from C:\WINDOWS\System32\profapi.dll
[1017/044047.317:ERROR:process_reader_win.cc(242)] ReadMemory at 0x7ffaa83b0000 of 64 bytes failed: Only part of a ReadProcessMemory or WriteProcessMemory request was completed. (0x12B)
[1017/044047.317:WARNING:pe_image_reader.cc(302)] could not read dos header from C:\WINDOWS\System32\PSAPI.DLL
[1017/044047.317:ERROR:process_reader_win.cc(242)] ReadMemory at 0x7ffa7eba0000 of 64 bytes failed: Only part of a ReadProcessMemory or WriteProcessMemory request was completed. (0x12B)
[1017/044047.317:WARNING:pe_image_reader.cc(302)] could not read dos header from C:\Program Files (x86)\Google\Chrome Beta\Application\70.0.3538.54\chrome_elf.dll
[1017/044047.317:ERROR:process_reader_win.cc(242)] ReadMemory at 0x7ffa9a5b0000 of 64 bytes failed: Only part of a ReadProcessMemory or WriteProcessMemory request was completed. (0x12B)
[1017/044047.317:WARNING:pe_image_reader.cc(302)] could not read dos header from C:\WINDOWS\SYSTEM32\VERSION.dll
[1017/044047.317:ERROR:process_reader_win.cc(242)] ReadMemory at 0x7ffaa1720000 of 64 bytes failed: Only part of a ReadProcessMemory or WriteProcessMemory request was completed. (0x12B)
[1017/044047.317:WARNING:pe_image_reader.cc(302)] could not read dos header from C:\WINDOWS\SYSTEM32\WINMM.dll
[1017/044047.317:ERROR:process_reader_win.cc(242)] ReadMemory at 0x7ffaa46e0000 of 64 bytes failed: Only part of a ReadProcessMemory or WriteProcessMemory request was completed. (0x12B)
[1017/044047.318:WARNING:pe_image_reader.cc(302)] could not read dos header from C:\WINDOWS\SYSTEM32\USERENV.dll
[1017/044047.318:ERROR:process_reader_win.cc(242)] ReadMemory at 0x7ffaa16c0000 of 64 bytes failed: Only part of a ReadProcessMemory or WriteProcessMemory request was completed. (0x12B)
[1017/044047.318:WARNING:pe_image_reader.cc(302)] could not read dos header from C:\WINDOWS\SYSTEM32\WINMMBASE.dll
[1017/044047.318:ERROR:process_reader_win.cc(242)] ReadMemory at 0x7ffaa4230000 of 64 bytes failed: Only part of a ReadProcessMemory or WriteProcessMemory request was completed. (0x12B)
[1017/044047.318:WARNING:pe_image_reader.cc(302)] could not read dos header from C:\WINDOWS\SYSTEM32\CRYPTBASE.DLL
[1017/044047.318:ERROR:process_reader_win.cc(242)] ReadMemory at 0x7ffaa5d60000 of 64 bytes failed: Only part of a ReadProcessMemory or WriteProcessMemory request was completed. (0x12B)
[1017/044047.318:WARNING:pe_image_reader.cc(302)] could not read dos header from C:\WINDOWS\System32\IMM32.DLL
[1017/044047.318:ERROR:process_reader_win.cc(242)] ReadMemory at 0x7ffa66000000 of 64 bytes failed: Only part of a ReadProcessMemory or WriteProcessMemory request was completed. (0x12B)
[1017/044047.318:WARNING:pe_image_reader.cc(302)] could not read dos header from C:\Program Files (x86)\Google\Chrome Beta\Application\70.0.3538.54\chrome_child.dll
[1017/044047.318:ERROR:process_reader_win.cc(242)] ReadMemory at 0x7ffaa5cf0000 of 64 bytes failed: Only part of a ReadProcessMemory or WriteProcessMemory request was completed. (0x12B)
[1017/044047.318:WARNING:pe_image_reader.cc(302)] could not read dos header from C:\WINDOWS\System32\WS2_32.dll
[1017/044047.318:ERROR:process_reader_win.cc(242)] ReadMemory at 0x7ffaa5ba0000 of 64 bytes failed: Only part of a ReadProcessMemory or WriteProcessMemory request was completed. (0x12B)
[1017/044047.319:WARNING:pe_image_reader.cc(302)] could not read dos header from C:\WINDOWS\System32\ole32.dll
[1017/044047.319:ERROR:process_reader_win.cc(242)] ReadMemory at 0x7ffaa66f0000 of 64 bytes failed: Only part of a ReadProcessMemory or WriteProcessMemory request was completed. (0x12B)
[1017/044047.319:WARNING:pe_image_reader.cc(302)] could not read dos header from C:\WINDOWS\System32\OLEAUT32.dll
[1017/044047.319:ERROR:process_reader_win.cc(242)] ReadMemory at 0x7ffaa5180000 of 64 bytes failed: Only part of a ReadProcessMemory or WriteProcessMemory request was completed. (0x12B)
[1017/044047.319:WARNING:pe_image_reader.cc(302)] could not read dos header from C:\WINDOWS\System32\WINTRUST.dll
[1017/044047.319:ERROR:process_reader_win.cc(242)] ReadMemory at 0x7ffaa4820000 of 64 bytes failed: Only part of a ReadProcessMemory or WriteProcessMemory request was completed. (0x12B)
[1017/044047.319:WARNING:pe_image_reader.cc(302)] could not read dos header from C:\WINDOWS\System32\MSASN1.dll
[1017/044047.319:ERROR:process_reader_win.cc(242)] ReadMemory at 0x7ffaa5450000 of 64 bytes failed: Only part of a ReadProcessMemory or WriteProcessMemory request was completed. (0x12B)
[1017/044047.319:WARNING:pe_image_reader.cc(302)] could not read dos header from C:\WINDOWS\System32\CRYPT32.dll
[1017/044047.319:ERROR:process_reader_win.cc(242)] ReadMemory at 0x7ffaa6b80000 of 64 bytes failed: Only part of a ReadProcessMemory or WriteProcessMemory request was completed. (0x12B)
[1017/044047.319:WARNING:pe_image_reader.cc(302)] could not read dos header from C:\WINDOWS\System32\COMDLG32.dll
[1017/044047.319:ERROR:process_reader_win.cc(242)] ReadMemory at 0x7ffaa3e00000 of 64 bytes failed: Only part of a ReadProcessMemory or WriteProcessMemory request was completed. (0x12B)
[1017/044047.320:WARNING:pe_image_reader.cc(302)] could not read dos header from C:\WINDOWS\SYSTEM32\IPHLPAPI.DLL
[1017/044047.320:ERROR:process_reader_win.cc(242)] ReadMemory at 0x7ffaa17e0000 of 64 bytes failed: Only part of a ReadProcessMemory or WriteProcessMemory request was completed. (0x12B)
[1017/044047.320:WARNING:pe_image_reader.cc(302)] could not read dos header from C:\WINDOWS\SYSTEM32\msdmo.dll
[1017/044047.320:ERROR:process_reader_win.cc(242)] ReadMemory at 0x7ffa9bc60000 of 64 bytes failed: Only part of a ReadProcessMemory or WriteProcessMemory request was completed. (0x12B)
[1017/044047.320:WARNING:pe_image_reader.cc(302)] could not read dos header from C:\WINDOWS\WinSxS\amd64_microsoft.windows.common-controls_6595b64144ccf1df_6.0.16299.726_none_15ccdb369361144a\COMCTL32.dll
[1017/044047.320:ERROR:process_reader_win.cc(242)] ReadMemory at 0x7ffa96ff0000 of 64 bytes failed: Only part of a ReadProcessMemory or WriteProcessMemory request was completed. (0x12B)
[1017/044047.320:WARNING:pe_image_reader.cc(302)] could not read dos header from C:\WINDOWS\SYSTEM32\DWrite.dll
[1017/044047.320:ERROR:process_reader_win.cc(242)] ReadMemory at 0x7ffa9bbd0000 of 64 bytes failed: Only part of a ReadProcessMemory or WriteProcessMemory request was completed. (0x12B)
[1017/044047.320:WARNING:pe_image_reader.cc(302)] could not read dos header from C:\WINDOWS\SYSTEM32\WINSPOOL.DRV
[1017/044047.320:ERROR:process_reader_win.cc(242)] ReadMemory at 0x7ffa99d30000 of 64 bytes failed: Only part of a ReadProcessMemory or WriteProcessMemory request was completed. (0x12B)
[1017/044047.320:WARNING:pe_image_reader.cc(302)] could not read dos header from C:\WINDOWS\SYSTEM32\dbghelp.dll
[1017/044047.320:ERROR:process_reader_win.cc(242)] ReadMemory at 0x7ffa960d0000 of 64 bytes failed: Only part of a ReadProcessMemory or WriteProcessMemory request was completed. (0x12B)
[1017/044047.320:WARNING:pe_image_reader.cc(302)] could not read dos header from C:\WINDOWS\SYSTEM32\USP10.dll
[1017/044047.321:ERROR:process_reader_win.cc(242)] ReadMemory at 0x7ffaa3640000 of 64 bytes failed: Only part of a ReadProcessMemory or WriteProcessMemory request was completed. (0x12B)
[1017/044047.321:WARNING:pe_image_reader.cc(302)] could not read dos header from C:\WINDOWS\SYSTEM32\dxgi.dll
[1017/044047.321:ERROR:process_reader_win.cc(242)] ReadMemory at 0x7ffa97310000 of 64 bytes failed: Only part of a ReadProcessMemory or WriteProcessMemory request was completed. (0x12B)
[1017/044047.321:WARNING:pe_image_reader.cc(302)] could not read dos header from C:\WINDOWS\SYSTEM32\urlmon.dll
[1017/044047.321:ERROR:process_reader_win.cc(242)] ReadMemory at 0x7ffaa6240000 of 64 bytes failed: Only part of a ReadProcessMemory or WriteProcessMemory request was completed. (0x12B)
[1017/044047.321:WARNING:pe_image_reader.cc(302)] could not read dos header from C:\WINDOWS\System32\imagehlp.dll
[1017/044047.321:ERROR:process_reader_win.cc(242)] ReadMemory at 0x7ffa8bc40000 of 64 bytes failed: Only part of a ReadProcessMemory or WriteProcessMemory request was completed. (0x12B)
[1017/044047.321:WARNING:pe_image_reader.cc(302)] could not read dos header from C:\WINDOWS\SYSTEM32\Secur32.dll
[1017/044047.321:ERROR:process_reader_win.cc(242)] ReadMemory at 0x7ffa9bf80000 of 64 bytes failed: Only part of a ReadProcessMemory or WriteProcessMemory request was completed. (0x12B)
[1017/044047.321:WARNING:pe_image_reader.cc(302)] could not read dos header from C:\WINDOWS\SYSTEM32\WINHTTP.dll
[1017/044047.321:ERROR:process_reader_win.cc(242)] ReadMemory at 0x7ffa9dbb0000 of 64 bytes failed: Only part of a ReadProcessMemory or WriteProcessMemory request was completed. (0x12B)
[1017/044047.322:WARNING:pe_image_reader.cc(302)] could not read dos header from C:\WINDOWS\SYSTEM32\dhcpcsvc.DLL
[1017/044047.322:ERROR:process_reader_win.cc(242)] ReadMemory at 0x7ffaa6ac0000 of 64 bytes failed: Only part of a ReadProcessMemory or WriteProcessMemory request was completed. (0x12B)
[1017/044047.322:WARNING:pe_image_reader.cc(302)] could not read dos header from C:\WINDOWS\System32\NSI.dll
[1017/044047.322:ERROR:process_reader_win.cc(242)] ReadMemory at 0x7ffaa4340000 of 64 bytes failed: Only part of a ReadProcessMemory or WriteProcessMemory request was completed. (0x12B)
[1017/044047.322:WARNING:pe_image_reader.cc(302)] could not read dos header from C:\WINDOWS\SYSTEM32\bcrypt.dll
[1017/044047.322:ERROR:process_reader_win.cc(242)] ReadMemory at 0x7ffa97910000 of 64 bytes failed: Only part of a ReadProcessMemory or WriteProcessMemory request was completed. (0x12B)
[1017/044047.322:WARNING:pe_image_reader.cc(302)] could not read dos header from C:\WINDOWS\SYSTEM32\iertutil.dll
[1017/044047.322:ERROR:process_reader_win.cc(242)] ReadMemory at 0x7ffaa4710000 of 64 bytes failed: Only part of a ReadProcessMemory or WriteProcessMemory request was completed. (0x12B)
[1017/044047.322:WARNING:pe_image_reader.cc(302)] could not read dos header from C:\WINDOWS\SYSTEM32\SSPICLI.DLL
[1017/044047.531:ERROR:process_reader_win.cc(242)] ReadMemory at 0x8df15ec000 of 81920 bytes failed: Only part of a ReadProcessMemory or WriteProcessMemory request was completed. (0x12B)
[1017/044047.531:ERROR:process_reader_win.cc(242)] ReadMemory at 0x8df17fe000 of 8192 bytes failed: Only part of a ReadProcessMemory or WriteProcessMemory request was completed. (0x12B)
[1017/044047.531:ERROR:process_reader_win.cc(242)] ReadMemory at 0x8df1bfb000 of 20480 bytes failed: Only part of a ReadProcessMemory or WriteProcessMemory request was completed. (0x12B)
[1017/044047.531:ERROR:process_reader_win.cc(242)] ReadMemory at 0x8df1dfe000 of 8192 bytes failed: Only part of a ReadProcessMemory or WriteProcessMemory request was completed. (0x12B)
[1017/044047.531:ERROR:process_reader_win.cc(242)] ReadMemory at 0x8df1ffe000 of 8192 bytes failed: Only part of a ReadProcessMemory or WriteProcessMemory request was completed. (0x12B)
[1017/044047.532:ERROR:process_reader_win.cc(242)] ReadMemory at 0x8df21fd000 of 12288 bytes failed: Only part of a ReadProcessMemory or WriteProcessMemory request was completed. (0x12B)
[1017/044047.532:ERROR:process_reader_win.cc(242)] ReadMemory at 0x8df23ff000 of 4096 bytes failed: Only part of a ReadProcessMemory or WriteProcessMemory request was completed. (0x12B)
[1017/044047.532:ERROR:process_reader_win.cc(242)] ReadMemory at 0x8df25fe000 of 8192 bytes failed: Only part of a ReadProcessMemory or WriteProcessMemory request was completed. (0x12B)
[1017/044047.532:ERROR:process_reader_win.cc(242)] ReadMemory at 0x8df27fb000 of 20480 bytes failed: Only part of a ReadProcessMemory or WriteProcessMemory request was completed. (0x12B)
[1017/044047.532:ERROR:process_reader_win.cc(242)] ReadMemory at 0x8df29e9000 of 94208 bytes failed: Only part of a ReadProcessMemory or WriteProcessMemory request was completed. (0x12B)
[1017/044047.532:ERROR:process_reader_win.cc(242)] ReadMemory at 0x8df2be9000 of 94208 bytes failed: Only part of a ReadProcessMemory or WriteProcessMemory request was completed. (0x12B)
[1017/044047.533:ERROR:process_reader_win.cc(242)] ReadMemory at 0x8df2dfe000 of 8192 bytes failed: Only part of a ReadProcessMemory or WriteProcessMemory request was completed. (0x12B)
[1017/044047.533:ERROR:process_reader_win.cc(242)] ReadMemory at 0x8df31f1000 of 61440 bytes failed: Only part of a ReadProcessMemory or WriteProcessMemory request was completed. (0x12B)
[1017/044047.533:ERROR:process_reader_win.cc(242)] ReadMemory at 0x8df37fa000 of 24576 bytes failed: Only part of a ReadProcessMemory or WriteProcessMemory request was completed. (0x12B)
[1017/044047.533:ERROR:process_reader_win.cc(242)] ReadMemory at 0x8df3bfe000 of 8192 bytes failed: Only part of a ReadProcessMemory or WriteProcessMemory request was completed. (0x12B)
[1017/044047.533:ERROR:process_reader_win.cc(242)] ReadMemory at 0x8df77fd000 of 12288 bytes failed: Only part of a ReadProcessMemory or WriteProcessMemory request was completed. (0x12B)
[1017/044047.534:ERROR:process_reader_win.cc(242)] ReadMemory at 0x8df87fc000 of 16384 bytes failed: Only part of a ReadProcessMemory or WriteProcessMemory request was completed. (0x12B)
[1017/044047.534:ERROR:process_reader_win.cc(242)] ReadMemory at 0x8df9bfd000 of 12288 bytes failed: Only part of a ReadProcessMemory or WriteProcessMemory request was completed. (0x12B)
[1017/044047.534:ERROR:process_reader_win.cc(242)] ReadMemory at 0x8df9dfe000 of 8192 bytes failed: Only part of a ReadProcessMemory or WriteProcessMemory request was completed. (0x12B)
[1017/044047.534:ERROR:process_reader_win.cc(242)] ReadMemory at 0x8df9fff000 of 4096 bytes failed: Only part of a ReadProcessMemory or WriteProcessMemory request was completed. (0x12B)
[1017/044047.534:ERROR:process_reader_win.cc(242)] ReadMemory at 0x8df12b8000 of 852 bytes failed: Only part of a ReadProcessMemory or WriteProcessMemory request was completed. (0x12B)
[1017/044047.534:ERROR:process_reader_win.cc(242)] ReadMemory at 0x8df12b9000 of 6024 bytes failed: Only part of a ReadProcessMemory or WriteProcessMemory request was completed. (0x12B)
[1017/044047.534:ERROR:process_reader_win.cc(242)] ReadMemory at 0x8df12bb000 of 6024 bytes failed: Only part of a ReadProcessMemory or WriteProcessMemory request was completed. (0x12B)
[1017/044047.534:ERROR:process_reader_win.cc(242)] ReadMemory at 0x8df12bf000 of 6024 bytes failed: Only part of a ReadProcessMemory or WriteProcessMemory request was completed. (0x12B)
[1017/044047.534:ERROR:process_reader_win.cc(242)] ReadMemory at 0x8df12c1000 of 6024 bytes failed: Only part of a ReadProcessMemory or WriteProcessMemory request was completed. (0x12B)
[1017/044047.535:ERROR:process_reader_win.cc(242)] ReadMemory at 0x8df12c3000 of 6024 bytes failed: Only part of a ReadProcessMemory or WriteProcessMemory request was completed. (0x12B)
[1017/044047.535:ERROR:process_reader_win.cc(242)] ReadMemory at 0x8df12c5000 of 6024 bytes failed: Only part of a ReadProcessMemory or WriteProcessMemory request was completed. (0x12B)
[1017/044047.535:ERROR:process_reader_win.cc(242)] ReadMemory at 0x8df12c7000 of 6024 bytes failed: Only part of a ReadProcessMemory or WriteProcessMemory request was completed. (0x12B)
[1017/044047.535:ERROR:process_reader_win.cc(242)] ReadMemory at 0x8df12c9000 of 6024 bytes failed: Only part of a ReadProcessMemory or WriteProcessMemory request was completed. (0x12B)
[1017/044047.535:ERROR:process_reader_win.cc(242)] ReadMemory at 0x8df12cb000 of 6024 bytes failed: Only part of a ReadProcessMemory or WriteProcessMemory request was completed. (0x12B)
[1017/044047.535:ERROR:process_reader_win.cc(242)] ReadMemory at 0x8df12cd000 of 6024 bytes failed: Only part of a ReadProcessMemory or WriteProcessMemory request was completed. (0x12B)
[1017/044047.535:ERROR:process_reader_win.cc(242)] ReadMemory at 0x8df12cf000 of 6024 bytes failed: Only part of a ReadProcessMemory or WriteProcessMemory request was completed. (0x12B)
[1017/044047.535:ERROR:process_reader_win.cc(242)] ReadMemory at 0x8df12d1000 of 6024 bytes failed: Only part of a ReadProcessMemory or WriteProcessMemory request was completed. (0x12B)
[1017/044047.535:ERROR:process_reader_win.cc(242)] ReadMemory at 0x8df12d5000 of 6024 bytes failed: Only part of a ReadProcessMemory or WriteProcessMemory request was completed. (0x12B)
[1017/044047.536:ERROR:process_reader_win.cc(242)] ReadMemory at 0x8df12db000 of 6024 bytes failed: Only part of a ReadProcessMemory or WriteProcessMemory request was completed. (0x12B)
[1017/044047.536:ERROR:process_reader_win.cc(242)] ReadMemory at 0x8df12df000 of 6024 bytes failed: Only part of a ReadProcessMemory or WriteProcessMemory request was completed. (0x12B)
[1017/044047.536:ERROR:process_reader_win.cc(242)] ReadMemory at 0x8df131b000 of 6024 bytes failed: Only part of a ReadProcessMemory or WriteProcessMemory request was completed. (0x12B)
[1017/044047.536:ERROR:process_reader_win.cc(242)] ReadMemory at 0x8df132b000 of 6024 bytes failed: Only part of a ReadProcessMemory or WriteProcessMemory request was completed. (0x12B)
[1017/044047.536:ERROR:process_reader_win.cc(242)] ReadMemory at 0x8df133f000 of 6024 bytes failed: Only part of a ReadProcessMemory or WriteProcessMemory request was completed. (0x12B)
[1017/044047.536:ERROR:process_reader_win.cc(242)] ReadMemory at 0x8df1341000 of 6024 bytes failed: Only part of a ReadProcessMemory or WriteProcessMemory request was completed. (0x12B)
[1017/044047.536:ERROR:process_reader_win.cc(242)] ReadMemory at 0x8df1343000 of 6024 bytes failed: Only part of a ReadProcessMemory or WriteProcessMemory request was completed. (0x12B)
[1017/044047.536:ERROR:process_reader_win.cc(242)] ReadMemory at 0x286477f0fc0 of 12028 bytes failed: Only part of a ReadProcessMemory or WriteProcessMemory request was completed. (0x12B)
[1017/044047.537:ERROR:process_reader_win.cc(242)] ReadMemory at 0x286477f3ed0 of 1012 bytes failed: Only part of a ReadProcessMemory or WriteProcessMemory request was completed. (0x12B)
[1017/044047.537:ERROR:process_reader_win.cc(242)] ReadMemory at 0x286477f44e8 of 128 bytes failed: Only part of a ReadProcessMemory or WriteProcessMemory request was completed. (0x12B)
[1017/044047.537:ERROR:process_reader_win.cc(242)] ReadMemory at 0x286477f456a of 1056 bytes failed: Only part of a ReadProcessMemory or WriteProcessMemory request was completed. (0x12B)
[1017/044047.537:ERROR:process_reader_win.cc(242)] ReadMemory at 0x286477f498c of 128 bytes failed: Only part of a ReadProcessMemory or WriteProcessMemory request was completed. (0x12B)
[1017/044047.537:ERROR:process_reader_win.cc(242)] ReadMemory at 0x286477f4a0e of 96 bytes failed: Only part of a ReadProcessMemory or WriteProcessMemory request was completed. (0x12B)
[1017/044047.537:ERROR:process_reader_win.cc(242)] ReadMemory at 0x286477f4a80 of 58 bytes failed: Only part of a ReadProcessMemory or WriteProcessMemory request was completed. (0x12B)
[1017/044047.537:ERROR:process_reader_win.cc(242)] ReadMemory at 0x286477f4b80 of 132 bytes failed: Only part of a ReadProcessMemory or WriteProcessMemory request was completed. (0x12B)
[1017/044047.537:ERROR:process_reader_win.cc(242)] ReadMemory at 0x286477f4d10 of 132 bytes failed: Only part of a ReadProcessMemory or WriteProcessMemory request was completed. (0x12B)
[1017/044047.537:ERROR:process_reader_win.cc(242)] ReadMemory at 0x286477f4ed0 of 134 bytes failed: Only part of a ReadProcessMemory or WriteProcessMemory request was completed. (0x12B)
[1017/044047.537:ERROR:process_reader_win.cc(242)] ReadMemory at 0x286477f5630 of 132 bytes failed: Only part of a ReadProcessMemory or WriteProcessMemory request was completed. (0x12B)
[1017/044047.537:ERROR:process_reader_win.cc(242)] ReadMemory at 0x286477f57c0 of 106 bytes failed: Only part of a ReadProcessMemory or WriteProcessMemory request was completed. (0x12B)
[1017/044047.537:ERROR:process_reader_win.cc(242)] ReadMemory at 0x286477f5aa0 of 132 bytes failed: Only part of a ReadProcessMemory or WriteProcessMemory request was completed. (0x12B)
[1017/044047.537:ERROR:process_reader_win.cc(242)] ReadMemory at 0x286477f5c30 of 64 bytes failed: Only part of a ReadProcessMemory or WriteProcessMemory request was completed. (0x12B)
[1017/044047.538:ERROR:process_reader_win.cc(242)] ReadMemory at 0x286477f5c80 of 132 bytes failed: Only part of a ReadProcessMemory or WriteProcessMemory request was completed. (0x12B)
[1017/044047.538:ERROR:process_reader_win.cc(242)] ReadMemory at 0x286477f5fe0 of 62 bytes failed: Only part of a ReadProcessMemory or WriteProcessMemory request was completed. (0x12B)
[1017/044047.538:ERROR:process_reader_win.cc(242)] ReadMemory at 0x286477f6070 of 132 bytes failed: Only part of a ReadProcessMemory or WriteProcessMemory request was completed. (0x12B)
[1017/044047.538:ERROR:process_reader_win.cc(242)] ReadMemory at 0x286477f6200 of 68 bytes failed: Only part of a ReadProcessMemory or WriteProcessMemory request was completed. (0x12B)
[1017/044047.538:ERROR:process_reader_win.cc(242)] ReadMemory at 0x28647801fe0 of 62 bytes failed: Only part of a ReadProcessMemory or WriteProcessMemory request was completed. (0x12B)
[1017/044047.538:ERROR:process_reader_win.cc(242)] ReadMemory at 0x28647802030 of 66 bytes failed: Only part of a ReadProcessMemory or WriteProcessMemory request was completed. (0x12B)
[1017/044047.538:ERROR:process_reader_win.cc(242)] ReadMemory at 0x28647802080 of 66 bytes failed: Only part of a ReadProcessMemory or WriteProcessMemory request was completed. (0x12B)
[1017/044047.538:ERROR:process_reader_win.cc(242)] ReadMemory at 0x286478020d0 of 64 bytes failed: Only part of a ReadProcessMemory or WriteProcessMemory request was completed. (0x12B)
[1017/044047.538:ERROR:process_reader_win.cc(242)] ReadMemory at 0x28647802120 of 58 bytes failed: Only part of a ReadProcessMemory or WriteProcessMemory request was completed. (0x12B)
[1017/044047.538:ERROR:process_reader_win.cc(242)] ReadMemory at 0x286478021c0 of 64 bytes failed: Only part of a ReadProcessMemory or WriteProcessMemory request was completed. (0x12B)
[1017/044047.538:ERROR:process_reader_win.cc(242)] ReadMemory at 0x28647802260 of 62 bytes failed: Only part of a ReadProcessMemory or WriteProcessMemory request was completed. (0x12B)
[1017/044047.538:ERROR:process_reader_win.cc(242)] ReadMemory at 0x286478022b0 of 62 bytes failed: Only part of a ReadProcessMemory or WriteProcessMemory request was completed. (0x12B)
[1017/044047.538:ERROR:process_reader_win.cc(242)] ReadMemory at 0x28647802300 of 60 bytes failed: Only part of a ReadProcessMemory or WriteProcessMemory request was completed. (0x12B)
[1017/044047.539:ERROR:process_reader_win.cc(242)] ReadMemory at 0x286478023f0 of 60 bytes failed: Only part of a ReadProcessMemory or WriteProcessMemory request was completed. (0x12B)
[1017/044047.539:ERROR:process_reader_win.cc(242)] ReadMemory at 0x286478024e0 of 60 bytes failed: Only part of a ReadProcessMemory or WriteProcessMemory request was completed. (0x12B)
[1017/044047.539:ERROR:process_reader_win.cc(242)] ReadMemory at 0x28647802530 of 60 bytes failed: Only part of a ReadProcessMemory or WriteProcessMemory request was completed. (0x12B)
[1017/044047.539:ERROR:process_reader_win.cc(242)] ReadMemory at 0x28647802580 of 62 bytes failed: Only part of a ReadProcessMemory or WriteProcessMemory request was completed. (0x12B)
[1017/044047.539:ERROR:process_reader_win.cc(242)] ReadMemory at 0x286478025d0 of 64 bytes failed: Only part of a ReadProcessMemory or WriteProcessMemory request was completed. (0x12B)
[1017/044047.539:ERROR:process_reader_win.cc(242)] ReadMemory at 0x28647802620 of 64 bytes failed: Only part of a ReadProcessMemory or WriteProcessMemory request was completed. (0x12B)
[1017/044047.539:ERROR:process_reader_win.cc(242)] ReadMemory at 0x28647802670 of 62 bytes failed: Only part of a ReadProcessMemory or WriteProcessMemory request was completed. (0x12B)
[1017/044047.539:ERROR:process_reader_win.cc(242)] ReadMemory at 0x286478026c0 of 60 bytes failed: Only part of a ReadProcessMemory or WriteProcessMemory request was completed. (0x12B)
[1017/044047.539:ERROR:process_reader_win.cc(242)] ReadMemory at 0x28647802710 of 58 bytes failed: Only part of a ReadProcessMemory or WriteProcessMemory request was completed. (0x12B)
[1017/044047.539:ERROR:process_reader_win.cc(242)] ReadMemory at 0x28647802b30 of 132 bytes failed: Only part of a ReadProcessMemory or WriteProcessMemory request was completed. (0x12B)
[1017/044047.539:ERROR:process_reader_win.cc(242)] ReadMemory at 0x28647802d40 of 132 bytes failed: Only part of a ReadProcessMemory or WriteProcessMemory request was completed. (0x12B)
[1017/044047.539:ERROR:process_reader_win.cc(242)] ReadMemory at 0x28647804650 of 132 bytes failed: Only part of a ReadProcessMemory or WriteProcessMemory request was completed. (0x12B)
[1017/044047.540:ERROR:process_reader_win.cc(242)] ReadMemory at 0x28647804950 of 132 bytes failed: Only part of a ReadProcessMemory or WriteProcessMemory request was completed. (0x12B)
[1017/044047.540:ERROR:process_reader_win.cc(242)] ReadMemory at 0x28647804ce0 of 132 bytes failed: Only part of a ReadProcessMemory or WriteProcessMemory request was completed. (0x12B)
[1017/044047.540:ERROR:process_reader_win.cc(242)] ReadMemory at 0x28647805050 of 132 bytes failed: Only part of a ReadProcessMemory or WriteProcessMemory request was completed. (0x12B)
[1017/044047.540:ERROR:process_reader_win.cc(242)] ReadMemory at 0x28647805290 of 78 bytes failed: Only part of a ReadProcessMemory or WriteProcessMemory request was completed. (0x12B)
[1017/044047.540:ERROR:process_reader_win.cc(242)] ReadMemory at 0x286478054d0 of 76 bytes failed: Only part of a ReadProcessMemory or WriteProcessMemory request was completed. (0x12B)
[1017/044047.540:ERROR:process_reader_win.cc(242)] ReadMemory at 0x28647805590 of 80 bytes failed: Only part of a ReadProcessMemory or WriteProcessMemory request was completed. (0x12B)
[1017/044047.540:ERROR:process_reader_win.cc(242)] ReadMemory at 0x28647805c00 of 132 bytes failed: Only part of a ReadProcessMemory or WriteProcessMemory request was completed. (0x12B)
[1017/044047.540:ERROR:process_reader_win.cc(242)] ReadMemory at 0x28647805ef0 of 132 bytes failed: Only part of a ReadProcessMemory or WriteProcessMemory request was completed. (0x12B)
[1017/044047.540:ERROR:process_reader_win.cc(242)] ReadMemory at 0x286478062b0 of 132 bytes failed: Only part of a ReadProcessMemory or WriteProcessMemory request was completed. (0x12B)
[1017/044047.540:ERROR:process_reader_win.cc(242)] ReadMemory at 0x28647806570 of 132 bytes failed: Only part of a ReadProcessMemory or WriteProcessMemory request was completed. (0x12B)
[1017/044047.540:ERROR:process_reader_win.cc(242)] ReadMemory at 0x28647807990 of 132 bytes failed: Only part of a ReadProcessMemory or WriteProcessMemory request was completed. (0x12B)
[1017/044047.540:ERROR:process_reader_win.cc(242)] ReadMemory at 0x28647807ac0 of 132 bytes failed: Only part of a ReadProcessMemory or WriteProcessMemory request was completed. (0x12B)
[1017/044047.541:ERROR:process_reader_win.cc(242)] ReadMemory at 0x28647807bf0 of 132 bytes failed: Only part of a ReadProcessMemory or WriteProcessMemory request was completed. (0x12B)
[1017/044047.541:ERROR:process_reader_win.cc(242)] ReadMemory at 0x28647807d20 of 132 bytes failed: Only part of a ReadProcessMemory or WriteProcessMemory request was completed. (0x12B)
[1017/044047.541:ERROR:process_reader_win.cc(242)] ReadMemory at 0x28647807e50 of 132 bytes failed: Only part of a ReadProcessMemory or WriteProcessMemory request was completed. (0x12B)
[1017/044047.541:ERROR:process_reader_win.cc(242)] ReadMemory at 0x28647807f80 of 132 bytes failed: Only part of a ReadProcessMemory or WriteProcessMemory request was completed. (0x12B)
[1017/044047.541:ERROR:process_reader_win.cc(242)] ReadMemory at 0x286478080b0 of 132 bytes failed: Only part of a ReadProcessMemory or WriteProcessMemory request was completed. (0x12B)
[1017/044047.541:ERROR:process_reader_win.cc(242)] ReadMemory at 0x286478081e0 of 132 bytes failed: Only part of a ReadProcessMemory or WriteProcessMemory request was completed. (0x12B)
[1017/044047.541:ERROR:process_reader_win.cc(242)] ReadMemory at 0x28647808310 of 132 bytes failed: Only part of a ReadProcessMemory or WriteProcessMemory request was completed. (0x12B)
[1017/044047.541:ERROR:process_reader_win.cc(242)] ReadMemory at 0x28647808440 of 132 bytes failed: Only part of a ReadProcessMemory or WriteProcessMemory request was completed. (0x12B)
[1017/044047.541:ERROR:process_reader_win.cc(242)] ReadMemory at 0x28647808570 of 132 bytes failed: Only part of a ReadProcessMemory or WriteProcessMemory request was completed. (0x12B)
[1017/044047.541:ERROR:process_reader_win.cc(242)] ReadMemory at 0x286478086a0 of 132 bytes failed: Only part of a ReadProcessMemory or WriteProcessMemory request was completed. (0x12B)
[1017/044047.541:ERROR:process_reader_win.cc(242)] ReadMemory at 0x286478087d0 of 132 bytes failed: Only part of a ReadProcessMemory or WriteProcessMemory request was completed. (0x12B)
[1017/044047.541:ERROR:process_reader_win.cc(242)] ReadMemory at 0x2864780b140 of 166 bytes failed: Only part of a ReadProcessMemory or WriteProcessMemory request was completed. (0x12B)
[1017/044047.542:ERROR:process_reader_win.cc(242)] ReadMemory at 0x2864780b270 of 132 bytes failed: Only part of a ReadProcessMemory or WriteProcessMemory request was completed. (0x12B)
[1017/044047.542:ERROR:process_reader_win.cc(242)] ReadMemory at 0x2864780b3a0 of 132 bytes failed: Only part of a ReadProcessMemory or WriteProcessMemory request was completed. (0x12B)
[1017/044047.542:ERROR:process_reader_win.cc(242)] ReadMemory at 0x2864780b4d0 of 132 bytes failed: Only part of a ReadProcessMemory or WriteProcessMemory request was completed. (0x12B)
[1017/044047.542:ERROR:process_reader_win.cc(242)] ReadMemory at 0x2864780b600 of 132 bytes failed: Only part of a ReadProcessMemory or WriteProcessMemory request was completed. (0x12B)
[1017/044047.542:ERROR:process_reader_win.cc(242)] ReadMemory at 0x2864780b860 of 132 bytes failed: Only part of a ReadProcessMemory or WriteProcessMemory request was completed. (0x12B)
[1017/044047.542:ERROR:process_reader_win.cc(242)] ReadMemory at 0x2864780b990 of 132 bytes failed: Only part of a ReadProcessMemory or WriteProcessMemory request was completed. (0x12B)
[1017/044047.542:ERROR:process_reader_win.cc(242)] ReadMemory at 0x2864780bac0 of 132 bytes failed: Only part of a ReadProcessMemory or WriteProcessMemory request was completed. (0x12B)
[1017/044047.542:ERROR:process_reader_win.cc(242)] ReadMemory at 0x2864780bbf0 of 132 bytes failed: Only part of a ReadProcessMemory or WriteProcessMemory request was completed. (0x12B)
[1017/044047.543:ERROR:process_reader_win.cc(242)] ReadMemory at 0x2864780bd20 of 132 bytes failed: Only part of a ReadProcessMemory or WriteProcessMemory request was completed. (0x12B)
[1017/044047.543:ERROR:process_reader_win.cc(242)] ReadMemory at 0x2864780be50 of 132 bytes failed: Only part of a ReadProcessMemory or WriteProcessMemory request was completed. (0x12B)
[1017/044047.543:ERROR:process_reader_win.cc(242)] ReadMemory at 0x2864780bf80 of 132 bytes failed: Only part of a ReadProcessMemory or WriteProcessMemory request was completed. (0x12B)
[1017/044047.543:ERROR:process_reader_win.cc(242)] ReadMemory at 0x2864780c0b0 of 132 bytes failed: Only part of a ReadProcessMemory or WriteProcessMemory request was completed. (0x12B)
[1017/044047.543:ERROR:process_reader_win.cc(242)] ReadMemory at 0x2864780c1e0 of 132 bytes failed: Only part of a ReadProcessMemory or WriteProcessMemory request was completed. (0x12B)
[1017/044047.543:ERROR:process_reader_win.cc(242)] ReadMemory at 0x2864780c310 of 132 bytes failed: Only part of a ReadProcessMemory or WriteProcessMemory request was completed. (0x12B)
[1017/044047.543:ERROR:process_reader_win.cc(242)] ReadMemory at 0x2864780c440 of 132 bytes failed: Only part of a ReadProcessMemory or WriteProcessMemory request was completed. (0x12B)
[1017/044047.543:ERROR:process_reader_win.cc(242)] ReadMemory at 0x2864780c570 of 132 bytes failed: Only part of a ReadProcessMemory or WriteProcessMemory request was completed. (0x12B)
[1017/044047.543:ERROR:process_reader_win.cc(242)] ReadMemory at 0x2864780c6a0 of 132 bytes failed: Only part of a ReadProcessMemory or WriteProcessMemory request was completed. (0x12B)
[1017/044047.543:ERROR:process_reader_win.cc(242)] ReadMemory at 0x2864780c7d0 of 132 bytes failed: Only part of a ReadProcessMemory or WriteProcessMemory request was completed. (0x12B)
[1017/044047.543:ERROR:process_reader_win.cc(242)] ReadMemory at 0x2864780c900 of 132 bytes failed: Only part of a ReadProcessMemory or WriteProcessMemory request was completed. (0x12B)
[1017/044047.543:ERROR:process_reader_win.cc(242)] ReadMemory at 0x2864780ca30 of 132 bytes failed: Only part of a ReadProcessMemory or WriteProcessMemory request was completed. (0x12B)
[1017/044047.544:ERROR:process_reader_win.cc(242)] ReadMemory at 0x2864780cb60 of 132 bytes failed: Only part of a ReadProcessMemory or WriteProcessMemory request was completed. (0x12B)
[1017/044047.544:ERROR:process_reader_win.cc(242)] ReadMemory at 0x2864780cc90 of 132 bytes failed: Only part of a ReadProcessMemory or WriteProcessMemory request was completed. (0x12B)
[1017/044047.544:ERROR:process_reader_win.cc(242)] ReadMemory at 0x2864780cdc0 of 132 bytes failed: Only part of a ReadProcessMemory or WriteProcessMemory request was completed. (0x12B)
[1017/044047.544:ERROR:process_reader_win.cc(242)] ReadMemory at 0x2864780cef0 of 132 bytes failed: Only part of a ReadProcessMemory or WriteProcessMemory request was completed. (0x12B)
[1017/044047.544:ERROR:process_reader_win.cc(242)] ReadMemory at 0x2864780d020 of 132 bytes failed: Only part of a ReadProcessMemory or WriteProcessMemory request was completed. (0x12B)
[1017/044047.544:ERROR:process_reader_win.cc(242)] ReadMemory at 0x2864780d310 of 162 bytes failed: Only part of a ReadProcessMemory or WriteProcessMemory request was completed. (0x12B)
[1017/044047.544:ERROR:process_reader_win.cc(242)] ReadMemory at 0x2864780e0e0 of 62 bytes failed: Only part of a ReadProcessMemory or WriteProcessMemory request was completed. (0x12B)
[1017/044047.544:ERROR:process_reader_win.cc(242)] ReadMemory at 0x2864780e1d0 of 62 bytes failed: Only part of a ReadProcessMemory or WriteProcessMemory request was completed. (0x12B)
[1017/044047.544:ERROR:process_reader_win.cc(242)] ReadMemory at 0x2864780e310 of 58 bytes failed: Only part of a ReadProcessMemory or WriteProcessMemory request was completed. (0x12B)
[1017/044047.544:ERROR:process_reader_win.cc(242)] ReadMemory at 0x2864780e860 of 66 bytes failed: Only part of a ReadProcessMemory or WriteProcessMemory request was completed. (0x12B)
[1017/044047.544:ERROR:process_reader_win.cc(242)] ReadMemory at 0x2864780e9a0 of 66 bytes failed: Only part of a ReadProcessMemory or WriteProcessMemory request was completed. (0x12B)
[1017/044047.544:ERROR:process_reader_win.cc(242)] ReadMemory at 0x2864780ea40 of 58 bytes failed: Only part of a ReadProcessMemory or WriteProcessMemory request was completed. (0x12B)
[1017/044047.545:ERROR:process_reader_win.cc(242)] ReadMemory at 0x28647812f30 of 54 bytes failed: Only part of a ReadProcessMemory or WriteProcessMemory request was completed. (0x12B)
[1017/044047.545:ERROR:process_reader_win.cc(242)] ReadMemory at 0x28647816db0 of 246 bytes failed: Only part of a ReadProcessMemory or WriteProcessMemory request was completed. (0x12B)
[1017/044047.545:ERROR:process_reader_win.cc(242)] ReadMemory at 0x2864781d010 of 62 bytes failed: Only part of a ReadProcessMemory or WriteProcessMemory request was completed. (0x12B)
[1017/044047.545:ERROR:process_reader_win.cc(242)] ReadMemory at 0x2864781d060 of 64 bytes failed: Only part of a ReadProcessMemory or WriteProcessMemory request was completed. (0x12B)
[1017/044047.545:ERROR:process_reader_win.cc(242)] ReadMemory at 0x2864781d100 of 60 bytes failed: Only part of a ReadProcessMemory or WriteProcessMemory request was completed. (0x12B)
[1017/044047.545:ERROR:process_reader_win.cc(242)] ReadMemory at 0x2864781d240 of 60 bytes failed: Only part of a ReadProcessMemory or WriteProcessMemory request was completed. (0x12B)
[1017/044047.545:ERROR:process_reader_win.cc(242)] ReadMemory at 0x2864781d2e0 of 58 bytes failed: Only part of a ReadProcessMemory or WriteProcessMemory request was completed. (0x12B)
[1017/044047.545:ERROR:process_reader_win.cc(242)] ReadMemory at 0x2864781d330 of 64 bytes failed: Only part of a ReadProcessMemory or WriteProcessMemory request was completed. (0x12B)
[1017/044047.545:ERROR:process_reader_win.cc(242)] ReadMemory at 0x2864781d380 of 60 bytes failed: Only part of a ReadProcessMemory or WriteProcessMemory request was completed. (0x12B)
[1017/044047.545:ERROR:process_reader_win.cc(242)] ReadMemory at 0x2864781d470 of 64 bytes failed: Only part of a ReadProcessMemory or WriteProcessMemory request was completed. (0x12B)
[1017/044047.545:ERROR:process_reader_win.cc(242)] ReadMemory at 0x2864781d4c0 of 64 bytes failed: Only part of a ReadProcessMemory or WriteProcessMemory request was completed. (0x12B)
[1017/044047.545:ERROR:process_reader_win.cc(242)] ReadMemory at 0x2864781d560 of 62 bytes failed: Only part of a ReadProcessMemory or WriteProcessMemory request was completed. (0x12B)
[1017/044047.545:ERROR:process_reader_win.cc(242)] ReadMemory at 0x2864781d5b0 of 64 bytes failed: Only part of a ReadProcessMemory or WriteProcessMemory request was completed. (0x12B)
[1017/044047.546:ERROR:process_reader_win.cc(242)] ReadMemory at 0x2864781d600 of 62 bytes failed: Only part of a ReadProcessMemory or WriteProcessMemory request was completed. (0x12B)
[1017/044047.546:ERROR:process_reader_win.cc(242)] ReadMemory at 0x2864781d790 of 58 bytes failed: Only part of a ReadProcessMemory or WriteProcessMemory request was completed. (0x12B)
[1017/044047.546:ERROR:process_reader_win.cc(242)] ReadMemory at 0x2864781d880 of 62 bytes failed: Only part of a ReadProcessMemory or WriteProcessMemory request was completed. (0x12B)
[1017/044047.546:ERROR:process_reader_win.cc(242)] ReadMemory at 0x2864781d8d0 of 64 bytes failed: Only part of a ReadProcessMemory or WriteProcessMemory request was completed. (0x12B)
[1017/044047.546:ERROR:process_reader_win.cc(242)] ReadMemory at 0x2864781dba0 of 62 bytes failed: Only part of a ReadProcessMemory or WriteProcessMemory request was completed. (0x12B)
[1017/044047.546:ERROR:process_reader_win.cc(242)] ReadMemory at 0x2864781dc40 of 60 bytes failed: Only part of a ReadProcessMemory or WriteProcessMemory request was completed. (0x12B)
[1017/044047.546:ERROR:process_reader_win.cc(242)] ReadMemory at 0x2864781dd30 of 60 bytes failed: Only part of a ReadProcessMemory or WriteProcessMemory request was completed. (0x12B)
[1017/044047.546:ERROR:process_reader_win.cc(242)] ReadMemory at 0x2864781dd80 of 58 bytes failed: Only part of a ReadProcessMemory or WriteProcessMemory request was completed. (0x12B)
[1017/044047.546:ERROR:process_reader_win.cc(242)] ReadMemory at 0x2864781ddd0 of 56 bytes failed: Only part of a ReadProcessMemory or WriteProcessMemory request was completed. (0x12B)
[1017/044047.546:ERROR:process_reader_win.cc(242)] ReadMemory at 0x2864781de70 of 64 bytes failed: Only part of a ReadProcessMemory or WriteProcessMemory request was completed. (0x12B)
[1017/044047.546:ERROR:process_reader_win.cc(242)] ReadMemory at 0x2864781df10 of 64 bytes failed: Only part of a ReadProcessMemory or WriteProcessMemory request was completed. (0x12B)
[1017/044047.546:ERROR:process_reader_win.cc(242)] ReadMemory at 0x28647821110 of 132 bytes failed: Only part of a ReadProcessMemory or WriteProcessMemory request was completed. (0x12B)
[1017/044047.547:ERROR:process_reader_win.cc(242)] ReadMemory at 0x28647821830 of 132 bytes failed: Only part of a ReadProcessMemory or WriteProcessMemory request was completed. (0x12B)
[1017/044047.547:ERROR:process_reader_win.cc(242)] ReadMemory at 0x28647821bc0 of 132 bytes failed: Only part of a ReadProcessMemory or WriteProcessMemory request was completed. (0x12B)
[1017/044047.547:ERROR:process_reader_win.cc(242)] ReadMemory at 0x28647821f50 of 132 bytes failed: Only part of a ReadProcessMemory or WriteProcessMemory request was completed. (0x12B)
[1017/044047.547:ERROR:process_reader_win.cc(242)] ReadMemory at 0x286478221b0 of 132 bytes failed: Only part of a ReadProcessMemory or WriteProcessMemory request was completed. (0x12B)
[1017/044047.547:ERROR:process_reader_win.cc(242)] ReadMemory at 0x28647835730 of 512 bytes failed: Only part of a ReadProcessMemory or WriteProcessMemory request was completed. (0x12B)
[1017/044047.547:ERROR:process_reader_win.cc(242)] ReadMemory at 0x286478368b0 of 512 bytes failed: Only part of a ReadProcessMemory or WriteProcessMemory request was completed. (0x12B)
[1017/044047.547:ERROR:process_reader_win.cc(242)] ReadMemory at 0x28647ec1f00 of 512 bytes failed: Only part of a ReadProcessMemory or WriteProcessMemory request was completed. (0x12B)
[1017/044047.547:ERROR:process_reader_win.cc(242)] ReadMemory at 0x28647ec2140 of 512 bytes failed: Only part of a ReadProcessMemory or WriteProcessMemory request was completed. (0x12B)
[1017/044047.547:ERROR:process_reader_win.cc(242)] ReadMemory at 0x28647ec2800 of 896 bytes failed: Only part of a ReadProcessMemory or WriteProcessMemory request was completed. (0x12B)
[1017/044047.547:ERROR:process_reader_win.cc(242)] ReadMemory at 0x28647ec4000 of 512 bytes failed: Only part of a ReadProcessMemory or WriteProcessMemory request was completed. (0x12B)
[1017/044047.547:ERROR:process_reader_win.cc(242)] ReadMemory at 0x28647ec5e00 of 896 bytes failed: Only part of a ReadProcessMemory or WriteProcessMemory request was completed. (0x12B)
[1017/044047.547:ERROR:process_reader_win.cc(242)] ReadMemory at 0x28647fd0000 of 384 bytes failed: Only part of a ReadProcessMemory or WriteProcessMemory request was completed. (0x12B)
[1017/044047.548:ERROR:process_reader_win.cc(242)] ReadMemory at 0x28648013ba0 of 512 bytes failed: Only part of a ReadProcessMemory or WriteProcessMemory request was completed. (0x12B)
[1017/044047.548:ERROR:process_reader_win.cc(242)] ReadMemory at 0x2864801d6d8 of 512 bytes failed: Only part of a ReadProcessMemory or WriteProcessMemory request was completed. (0x12B)
[1017/044047.548:ERROR:process_reader_win.cc(242)] ReadMemory at 0x2864803a320 of 512 bytes failed: Only part of a ReadProcessMemory or WriteProcessMemory request was completed. (0x12B)
[1017/044047.548:ERROR:process_reader_win.cc(242)] ReadMemory at 0x28648048dc0 of 688 bytes failed: Only part of a ReadProcessMemory or WriteProcessMemory request was completed. (0x12B)
[1017/044047.548:ERROR:process_reader_win.cc(242)] ReadMemory at 0x28648065be8 of 512 bytes failed: Only part of a ReadProcessMemory or WriteProcessMemory request was completed. (0x12B)
[1017/044047.548:ERROR:process_reader_win.cc(242)] ReadMemory at 0x286480690f8 of 512 bytes failed: Only part of a ReadProcessMemory or WriteProcessMemory request was completed. (0x12B)
[1017/044047.548:ERROR:process_reader_win.cc(242)] ReadMemory at 0x286480766a0 of 560 bytes failed: Only part of a ReadProcessMemory or WriteProcessMemory request was completed. (0x12B)
[1017/044047.548:ERROR:process_reader_win.cc(242)] ReadMemory at 0x28648076968 of 512 bytes failed: Only part of a ReadProcessMemory or WriteProcessMemory request was completed. (0x12B)
[1017/044047.548:ERROR:process_reader_win.cc(242)] ReadMemory at 0x2864808f0c0 of 528 bytes failed: Only part of a ReadProcessMemory or WriteProcessMemory request was completed. (0x12B)
[1017/044047.548:ERROR:process_reader_win.cc(242)] ReadMemory at 0x2864aac1ccf of 512 bytes failed: Only part of a ReadProcessMemory or WriteProcessMemory request was completed. (0x12B)
[1017/044047.548:ERROR:process_reader_win.cc(242)] ReadMemory at 0x2864ab6fd60 of 512 bytes failed: Only part of a ReadProcessMemory or WriteProcessMemory request was completed. (0x12B)
[1017/044047.548:ERROR:process_reader_win.cc(242)] ReadMemory at 0x2864ad1a788 of 512 bytes failed: Only part of a ReadProcessMemory or WriteProcessMemory request was completed. (0x12B)
[1017/044047.549:ERROR:process_reader_win.cc(242)] ReadMemory at 0x2864ad9d0a0 of 512 bytes failed: Only part of a ReadProcessMemory or WriteProcessMemory request was completed. (0x12B)
[1017/044047.549:ERROR:process_reader_win.cc(242)] ReadMemory at 0x2864adb7180 of 512 bytes failed: Only part of a ReadProcessMemory or WriteProcessMemory request was completed. (0x12B)
[1017/044047.549:ERROR:process_reader_win.cc(242)] ReadMemory at 0x2864adbfc00 of 512 bytes failed: Only part of a ReadProcessMemory or WriteProcessMemory request was completed. (0x12B)
[1017/044047.549:ERROR:process_reader_win.cc(242)] ReadMemory at 0x2864adcf1f0 of 512 bytes failed: Only part of a ReadProcessMemory or WriteProcessMemory request was completed. (0x12B)
[1017/044047.549:ERROR:process_reader_win.cc(242)] ReadMemory at 0x2864c409480 of 512 bytes failed: Only part of a ReadProcessMemory or WriteProcessMemory request was completed. (0x12B)
[1017/044047.549:ERROR:process_reader_win.cc(242)] ReadMemory at 0x2864c477f08 of 512 bytes failed: Only part of a ReadProcessMemory or WriteProcessMemory request was completed. (0x12B)
[1017/044047.549:ERROR:process_reader_win.cc(242)] ReadMemory at 0x2864c4c9b48 of 512 bytes failed: Only part of a ReadProcessMemory or WriteProcessMemory request was completed. (0x12B)
[1017/044047.549:ERROR:process_reader_win.cc(242)] ReadMemory at 0x2864c4fc938 of 512 bytes failed: Only part of a ReadProcessMemory or WriteProcessMemory request was completed. (0x12B)
[1017/044047.549:ERROR:process_reader_win.cc(242)] ReadMemory at 0x2864c750cc8 of 512 bytes failed: Only part of a ReadProcessMemory or WriteProcessMemory request was completed. (0x12B)
[1017/044047.549:ERROR:process_reader_win.cc(242)] ReadMemory at 0x2864c762040 of 512 bytes failed: Only part of a ReadProcessMemory or WriteProcessMemory request was completed. (0x12B)
[1017/044047.549:ERROR:process_reader_win.cc(242)] ReadMemory at 0x2864c7ee3c0 of 512 bytes failed: Only part of a ReadProcessMemory or WriteProcessMemory request was completed. (0x12B)
[1017/044047.549:ERROR:process_reader_win.cc(242)] ReadMemory at 0x2864c8d5868 of 512 bytes failed: Only part of a ReadProcessMemory or WriteProcessMemory request was completed. (0x12B)
[1017/044047.549:ERROR:process_reader_win.cc(242)] ReadMemory at 0x2864ca69b70 of 512 bytes failed: Only part of a ReadProcessMemory or WriteProcessMemory request was completed. (0x12B)
[1017/044047.550:ERROR:process_reader_win.cc(242)] ReadMemory at 0x2864d852070 of 512 bytes failed: Only part of a ReadProcessMemory or WriteProcessMemory request was completed. (0x12B)
[1017/044047.550:ERROR:process_reader_win.cc(242)] ReadMemory at 0x2864d856080 of 512 bytes failed: Only part of a ReadProcessMemory or WriteProcessMemory request was completed. (0x12B)
[1017/044047.550:ERROR:process_reader_win.cc(242)] ReadMemory at 0x2864da0edb0 of 512 bytes failed: Only part of a ReadProcessMemory or WriteProcessMemory request was completed. (0x12B)
[1017/044047.550:ERROR:process_reader_win.cc(242)] ReadMemory at 0x19919d900000 of 384 bytes failed: Only part of a ReadProcessMemory or WriteProcessMemory request was completed. (0x12B)
[1017/044047.550:ERROR:process_reader_win.cc(242)] ReadMemory at 0x19919d923f28 of 513 bytes failed: Only part of a ReadProcessMemory or WriteProcessMemory request was completed. (0x12B)
[1017/044047.550:ERROR:process_reader_win.cc(242)] ReadMemory at 0x7ffa672dc0bb of 512 bytes failed: Only part of a ReadProcessMemory or WriteProcessMemory request was completed. (0x12B)
[1017/044047.550:ERROR:process_reader_win.cc(242)] ReadMemory at 0x7ffa6aa187b0 of 544 bytes failed: Only part of a ReadProcessMemory or WriteProcessMemory request was completed. (0x12B)
[1017/044047.550:ERROR:process_reader_win.cc(242)] ReadMemory at 0x7ffa7ebae9d8 of 512 bytes failed: Only part of a ReadProcessMemory or WriteProcessMemory request was completed. (0x12B)
[1017/044047.550:ERROR:process_reader_win.cc(242)] ReadMemory at 0x7ffa7ebafa9b of 512 bytes failed: Only part of a ReadProcessMemory or WriteProcessMemory request was completed. (0x12B)
[1017/044047.550:ERROR:process_reader_win.cc(242)] ReadMemory at 0x7ffaa849cbf0 of 512 bytes failed: Only part of a ReadProcessMemory or WriteProcessMemory request was completed. (0x12B)
[1017/044047.550:ERROR:process_reader_win.cc(242)] ReadMemory at 0x7ffaa849cf40 of 512 bytes failed: Only part of a ReadProcessMemory or WriteProcessMemory request was completed. (0x12B)
[1017/044047.550:ERROR:process_reader_win.cc(242)] ReadMemory at 0x7ffaa849f020 of 512 bytes failed: Only part of a ReadProcessMemory or WriteProcessMemory request was completed. (0x12B)
[1017/044047.551:ERROR:process_reader_win.cc(242)] ReadMemory at 0x7ffaa84c8870 of 512 bytes failed: Only part of a ReadProcessMemory or WriteProcessMemory request was completed. (0x12B)
[1017/044047.551:ERROR:process_reader_win.cc(242)] ReadMemory at 0x7ffaa8530074 of 672 bytes failed: Only part of a ReadProcessMemory or WriteProcessMemory request was completed. (0x12B)
[1017/044047.551:ERROR:process_reader_win.cc(242)] ReadMemory at 0x7ffaa85338a4 of 608 bytes failed: Only part of a ReadProcessMemory or WriteProcessMemory request was completed. (0x12B)
[1017/044047.551:ERROR:process_reader_win.cc(242)] ReadMemory at 0x7ffaa85b6900 of 18 bytes failed: Only part of a ReadProcessMemory or WriteProcessMemory request was completed. (0x12B)
[1017/044047.551:ERROR:process_reader_win.cc(242)] ReadMemory at 0x7ffaa85e9518 of 40 bytes failed: Only part of a ReadProcessMemory or WriteProcessMemory request was completed. (0x12B)
[1017/044047.551:ERROR:process_reader_win.cc(242)] ReadMemory at 0x7ffaa85e9928 of 48 bytes failed: Only part of a ReadProcessMemory or WriteProcessMemory request was completed. (0x12B)
[1017/044047.551:ERROR:process_reader_win.cc(242)] ReadMemory at 0x7ffaa85ef3a0 of 64 bytes failed: Only part of a ReadProcessMemory or WriteProcessMemory request was completed. (0x12B)
[1017/044047.554:ERROR:scoped_process_suspend.cc(40)] NtResumeProcess: An attempt was made to access an exiting process. (0xc000010a)
